<?xml version="1.0" encoding="UTF-8"?>
<!-- Generated by org.testng.reporters.JUnitReportReporter -->
<testsuite hostname="DESKTOP-2K1438F" failures="0" tests="4" name="se.nackademin.examination.examination_jacoco.ConversorTest" time="0.001" errors="0" timestamp="31 Mar 2021 20:53:06 GMT">
  <testcase classname="se.nackademin.examination.examination_jacoco.ConversorTest" name="testConversorGender" time="0.001"/>
  <testcase classname="se.nackademin.examination.examination_jacoco.ConversorTest" name="testConversorName" time="0.000"/>
  <testcase classname="se.nackademin.examination.examination_jacoco.ConversorTest" name="testConversorCity" time="0.000"/>
  <testcase classname="se.nackademin.examination.examination_jacoco.ConversorTest" name="testConversorAge" time="0.000"/>
</testsuite> <!-- se.nackademin.examination.examination_jacoco.ConversorTest -->
