<?xml version="1.0" encoding="UTF-8"?>
<!-- Generated by org.testng.reporters.JUnitReportReporter -->
<testsuite hostname="DESKTOP-2K1438F" failures="0" tests="20" name="se.nackademin.examination.examination_jacoco.GameTest" time="0.003" errors="0" timestamp="31 Mar 2021 20:53:06 GMT">
  <testcase classname="se.nackademin.examination.examination_jacoco.GameTest" name="testCalculateOutPutBasedOnGender2" time="0.000"/>
  <testcase classname="se.nackademin.examination.examination_jacoco.GameTest" name="testCalculateOutPutBasedOnAge1" time="0.000"/>
  <testcase classname="se.nackademin.examination.examination_jacoco.GameTest" name="testCalculateOutPutBasedOnHomeCity5" time="0.000"/>
  <testcase classname="se.nackademin.examination.examination_jacoco.GameTest" name="testCalculateOutPutBasedOnHomeCity11" time="0.000"/>
  <testcase classname="se.nackademin.examination.examination_jacoco.GameTest" name="testRun" time="0.001"/>
  <testcase classname="se.nackademin.examination.examination_jacoco.GameTest" name="testCalculateOutPutBasedOnNames2" time="0.000"/>
  <testcase classname="se.nackademin.examination.examination_jacoco.GameTest" name="testCalculateOutPutBasedOnHomeCity8" time="0.000"/>
  <testcase classname="se.nackademin.examination.examination_jacoco.GameTest" name="testCalculateOutPutBasedOnHomeCity6" time="0.000"/>
  <testcase classname="se.nackademin.examination.examination_jacoco.GameTest" name="testCalculateOutPutBasedOnGender1" time="0.000"/>
  <testcase classname="se.nackademin.examination.examination_jacoco.GameTest" name="testCalculateOutPutBasedOnNames1" time="0.000"/>
  <testcase classname="se.nackademin.examination.examination_jacoco.GameTest" name="testCalculateOutPutBasedOnHomeCity3" time="0.001"/>
  <testcase classname="se.nackademin.examination.examination_jacoco.GameTest" name="testCalculateOutPutBasedOnHomeCity1" time="0.001"/>
  <testcase classname="se.nackademin.examination.examination_jacoco.GameTest" name="testCalculateOutPutBasedOnHomeCity4" time="0.000"/>
  <testcase classname="se.nackademin.examination.examination_jacoco.GameTest" name="testCalculateOutPutBasedOnHomeCity2" time="0.000"/>
  <testcase classname="se.nackademin.examination.examination_jacoco.GameTest" name="testCalculateOutPutBasedOnHomeCity9" time="0.000"/>
  <testcase classname="se.nackademin.examination.examination_jacoco.GameTest" name="testCalculateOutPutBasedOnNames3" time="0.000"/>
  <testcase classname="se.nackademin.examination.examination_jacoco.GameTest" name="testCalculateOutPutBasedOnHomeCity7" time="0.000"/>
  <testcase classname="se.nackademin.examination.examination_jacoco.GameTest" name="testCalculateOutPutBasedOnHomeCity10" time="0.000"/>
  <testcase classname="se.nackademin.examination.examination_jacoco.GameTest" name="testCalculateOutPutBasedOnGender3" time="0.000"/>
  <testcase classname="se.nackademin.examination.examination_jacoco.GameTest" name="testCalculateOutPutBasedOnAge2" time="0.000"/>
</testsuite> <!-- se.nackademin.examination.examination_jacoco.GameTest -->
