<?xml version="1.0" encoding="UTF-8"?>
<!-- Generated by org.testng.reporters.JUnitReportReporter -->
<testsuite hostname="DESKTOP-2K1438F" failures="0" tests="1" name="se.nackademin.examination.examination_jacoco.MainTest" time="0.001" errors="0" timestamp="31 Mar 2021 20:53:06 GMT">
  <testcase classname="se.nackademin.examination.examination_jacoco.MainTest" name="testMainMethod" time="0.001"/>
</testsuite> <!-- se.nackademin.examination.examination_jacoco.MainTest -->
