<?xml version="1.0" encoding="UTF-8"?>
<!-- Generated by org.testng.reporters.JUnitReportReporter -->
<testsuite hostname="DESKTOP-2K1438F" failures="0" tests="5" name="se.nackademin.examination.examination_jacoco.DataAnalysisTest" time="0.010" errors="0" timestamp="31 Mar 2021 20:53:06 GMT">
  <testcase classname="se.nackademin.examination.examination_jacoco.DataAnalysisTest" name="test5" time="0.000"/>
  <testcase classname="se.nackademin.examination.examination_jacoco.DataAnalysisTest" name="test4" time="0.001"/>
  <testcase classname="se.nackademin.examination.examination_jacoco.DataAnalysisTest" name="test1" time="0.009"/>
  <testcase classname="se.nackademin.examination.examination_jacoco.DataAnalysisTest" name="test2" time="0.000"/>
  <testcase classname="se.nackademin.examination.examination_jacoco.DataAnalysisTest" name="test3" time="0.000"/>
</testsuite> <!-- se.nackademin.examination.examination_jacoco.DataAnalysisTest -->
