<?xml version="1.0" encoding="UTF-8"?>
<!-- Generated by org.testng.reporters.JUnitReportReporter -->
<testsuite hostname="DESKTOP-2K1438F" failures="0" tests="4" name="se.nackademin.examination.examination_jacoco.ResultsFromInputsTest" time="0.000" errors="0" timestamp="31 Mar 2021 20:53:06 GMT">
  <testcase classname="se.nackademin.examination.examination_jacoco.ResultsFromInputsTest" name="testNameLenghtGettersAndSettersMethods" time="0.000"/>
  <testcase classname="se.nackademin.examination.examination_jacoco.ResultsFromInputsTest" name="testHomeCityGettersAndSettersMethods" time="0.000"/>
  <testcase classname="se.nackademin.examination.examination_jacoco.ResultsFromInputsTest" name="testAgeGettersAndSettersMethods" time="0.000"/>
  <testcase classname="se.nackademin.examination.examination_jacoco.ResultsFromInputsTest" name="testGenderGettersAndSettersMethods" time="0.000"/>
</testsuite> <!-- se.nackademin.examination.examination_jacoco.ResultsFromInputsTest -->
